0 info it worked if it ends with ok
1 verbose cli [ '/Users/Tbxark/.nvm/versions/node/v7.5.0/bin/node',
1 verbose cli   '/Users/Tbxark/.nvm/versions/node/v7.5.0/bin/npm',
1 verbose cli   'run',
1 verbose cli   'package' ]
2 info using npm@4.1.2
3 info using node@v7.5.0
4 verbose run-script [ 'prepackage', 'package', 'postpackage' ]
5 info lifecycle YoukuInfo@1.0.0~prepackage: YoukuInfo@1.0.0
6 silly lifecycle YoukuInfo@1.0.0~prepackage: no script for prepackage, continuing
7 info lifecycle YoukuInfo@1.0.0~package: YoukuInfo@1.0.0
8 verbose lifecycle YoukuInfo@1.0.0~package: unsafe-perm in lifecycle true
9 verbose lifecycle YoukuInfo@1.0.0~package: PATH: /Users/Tbxark/.nvm/versions/node/v7.5.0/lib/node_modules/npm/bin/node-gyp-bin:/Users/Tbxark/Desktop/Play/ActivityWeb/YoukuInfo-Electron/node_modules/.bin:/Users/Tbxark/.nvm/versions/node/v7.5.0/bin:/usr/local/bin:/usr/bin:/bin:/usr/sbin:/sbin:/usr/local/aria2/bin:/Applications/Wireshark.app/Contents/MacOS
10 verbose lifecycle YoukuInfo@1.0.0~package: CWD: /Users/Tbxark/Desktop/Play/ActivityWeb/YoukuInfo-Electron
11 silly lifecycle YoukuInfo@1.0.0~package: Args: [ '-c',
11 silly lifecycle   'asar pack YoukuInfo-darwin-x64/YoukuInfo.app/Contents/Resources/app MyApp-darwin-x64/MyApp.app/Contents/Resources/app.asar' ]
12 info lifecycle YoukuInfo@1.0.0~package: Failed to exec package script
13 verbose stack Error: YoukuInfo@1.0.0 package: `asar pack YoukuInfo-darwin-x64/YoukuInfo.app/Contents/Resources/app MyApp-darwin-x64/MyApp.app/Contents/Resources/app.asar`
13 verbose stack spawn ENOENT
13 verbose stack     at ChildProcess.<anonymous> (/Users/Tbxark/.nvm/versions/node/v7.5.0/lib/node_modules/npm/lib/utils/spawn.js:33:16)
13 verbose stack     at emitTwo (events.js:106:13)
13 verbose stack     at ChildProcess.emit (events.js:192:7)
13 verbose stack     at maybeClose (internal/child_process.js:890:16)
13 verbose stack     at Process.ChildProcess._handle.onexit (internal/child_process.js:226:5)
14 verbose pkgid YoukuInfo@1.0.0
15 verbose cwd /Users/Tbxark/Desktop/Play/ActivityWeb/YoukuInfo-Electron
16 error Darwin 16.3.0
17 error argv "/Users/Tbxark/.nvm/versions/node/v7.5.0/bin/node" "/Users/Tbxark/.nvm/versions/node/v7.5.0/bin/npm" "run" "package"
18 error node v7.5.0
19 error npm  v4.1.2
20 error file sh
21 error code ELIFECYCLE
22 error errno ENOENT
23 error syscall spawn
24 error YoukuInfo@1.0.0 package: `asar pack YoukuInfo-darwin-x64/YoukuInfo.app/Contents/Resources/app MyApp-darwin-x64/MyApp.app/Contents/Resources/app.asar`
24 error spawn ENOENT
25 error Failed at the YoukuInfo@1.0.0 package script 'asar pack YoukuInfo-darwin-x64/YoukuInfo.app/Contents/Resources/app MyApp-darwin-x64/MyApp.app/Contents/Resources/app.asar'.
25 error Make sure you have the latest version of node.js and npm installed.
25 error If you do, this is most likely a problem with the YoukuInfo package,
25 error not with npm itself.
25 error Tell the author that this fails on your system:
25 error     asar pack YoukuInfo-darwin-x64/YoukuInfo.app/Contents/Resources/app MyApp-darwin-x64/MyApp.app/Contents/Resources/app.asar
25 error You can get information on how to open an issue for this project with:
25 error     npm bugs YoukuInfo
25 error Or if that isn't available, you can get their info via:
25 error     npm owner ls YoukuInfo
25 error There is likely additional logging output above.
26 verbose exit [ 1, true ]
